<!DOCTYPE html PUBLIC "-//W3C//DTD XHTML 1.1//EN" "https://www.w3.org/TR/xhtml11/DTD/xhtml11.dtd">
<html xmlns="https://www.w3.org/1999/xhtml">
<head>
    <meta charset='utf-8'>
    <title>TestNG Report</title>
    <style type="text/css">
table {margin-bottom:10px;border-collapse:collapse;empty-cells:show}
td,th {border:1px solid #009;padding:.25em .5em}
.result th {vertical-align:bottom}
.param th {padding-left:1em;padding-right:1em}
.param td {padding-left:.5em;padding-right:2em}
.stripe td,.stripe th {background-color: #E6EBF9}
.numi,.numi_attn {text-align:right}
.total td {font-weight:bold}
.passedodd td {background-color: #0A0}
.passedeven td {background-color: #3F3}
.skippedodd td {background-color: #CCC}
.skippedodd td {background-color: #DDD}
.failedodd td,.numi_attn {background-color: #F33}
.failedeven td,.stripe .numi_attn {background-color: #D00}
.stacktrace {white-space:pre;font-family:monospace}
.totop {font-size:85%;text-align:center;border-bottom:2px solid #000}

    </style>
</head>
<body>
<table cellpadding="0" cellspacing="0" class="testOverview">
    <tr>
        <th>Test</th>
        <th>Methods<br/>Passed</th>
        <th>Scenarios<br/>Passed</th>
        <th># skipped</th>
        <th># failed</th>
        <th>Total<br/>Time</th>
        <th>Included<br/>Groups</th>
        <th>Excluded<br/>Groups</th>
    </tr>
    <tr>
        <td style="text-align:left;padding-right:2em"><a href="#t1">FacebookPOM</a></td>
        <td class="numi">2</td>
        <td class="numi">2</td>
        <td class="numi_attn">2</td>
        <td class="numi_attn">4</td>
        <td class="numi">17.3 seconds</td>
        <td class="numi"></td>
        <td class="numi"></td>
    </tr>
</table>
<table cellpadding="0" cellspacing="0" class="methodOverview" id="summary">
    <tr>
        <th>Class</th>
        <th>Method</th>
        <th># of<br/>Scenarios</th>
        <th>Start</th>
        <th>Time<br/>(ms)</th>
    </tr>
    <tr id="t1">
        <th colspan="5">FacebookPOM &#8212; failed (configuration methods)</th>
    </tr>
    <tr class="failedodd">
        <td rowspan="4">com.bridelabz.selenium.test.FacebookTest</td>
        <td><a href="#m1"><b>browserClose</b> </a></td>
        <td class="numi">1</td>
        <td>1680590499309</td>
        <td class="numi">31</td>
    </tr>
    <tr class="failedodd">
        <td><a href="#m2"><b>browserClose</b> </a></td>
        <td class="numi">1</td>
        <td>1680590499309</td>
        <td class="numi">31</td>
    </tr>
    <tr class="failedodd">
        <td><a href="#m3"><b>browserClose</b> </a></td>
        <td class="numi">1</td>
        <td>1680590499309</td>
        <td class="numi">31</td>
    </tr>
    <tr class="failedodd">
        <td><a href="#m4"><b>browserClose</b> </a></td>
        <td class="numi">1</td>
        <td>1680590499309</td>
        <td class="numi">31</td>
    </tr>
    <tr>
        <th colspan="5">FacebookPOM &#8212; failed</th>
    </tr>
    <tr class="failedodd">
        <td rowspan="4">com.bridelabz.selenium.test.FacebookTest</td>
        <td><a href="#m5"><b>dashboardValidation_Success1</b> </a></td>
        <td class="numi">1</td>
        <td>1680590499208</td>
        <td class="numi">79</td>
    </tr>
    <tr class="failedodd">
        <td><a href="#m6"><b>dashboardValidation_Success1</b> </a></td>
        <td class="numi">1</td>
        <td>1680590499208</td>
        <td class="numi">79</td>
    </tr>
    <tr class="failedodd">
        <td><a href="#m7"><b>fileUpload_Success</b> </a></td>
        <td class="numi">1</td>
        <td>1680590499370</td>
        <td class="numi">1</td>
    </tr>
    <tr class="failedodd">
        <td><a href="#m8"><b>loginToFacebook</b> </a></td>
        <td class="numi">1</td>
        <td>1680590486111</td>
        <td class="numi">44</td>
    </tr>
    <tr>
        <th colspan="5">FacebookPOM &#8212; skipped (configuration methods)</th>
    </tr>
    <tr class="skippedodd">
        <td rowspan="8">com.bridelabz.selenium.test.FacebookTest</td>
        <td><a href="#m9"><b>browserClose</b> </a></td>
        <td class="numi">1</td>
        <td>1680590499368</td>
        <td class="numi">0</td>
    </tr>
    <tr class="skippedodd">
        <td><a href="#m10"><b>setup</b> </a></td>
        <td class="numi">1</td>
        <td>1680590499365</td>
        <td class="numi">0</td>
    </tr>
    <tr class="skippedodd">
        <td><a href="#m11"><b>browserClose</b> </a></td>
        <td class="numi">1</td>
        <td>1680590499368</td>
        <td class="numi">0</td>
    </tr>
    <tr class="skippedodd">
        <td><a href="#m12"><b>browserClose</b> </a></td>
        <td class="numi">1</td>
        <td>1680590499368</td>
        <td class="numi">0</td>
    </tr>
    <tr class="skippedodd">
        <td><a href="#m13"><b>setup</b> </a></td>
        <td class="numi">1</td>
        <td>1680590499365</td>
        <td class="numi">0</td>
    </tr>
    <tr class="skippedodd">
        <td><a href="#m14"><b>setup</b> </a></td>
        <td class="numi">1</td>
        <td>1680590499365</td>
        <td class="numi">0</td>
    </tr>
    <tr class="skippedodd">
        <td><a href="#m15"><b>browserClose</b> </a></td>
        <td class="numi">1</td>
        <td>1680590499368</td>
        <td class="numi">0</td>
    </tr>
    <tr class="skippedodd">
        <td><a href="#m16"><b>setup</b> </a></td>
        <td class="numi">1</td>
        <td>1680590499365</td>
        <td class="numi">0</td>
    </tr>
    <tr>
        <th colspan="5">FacebookPOM &#8212; skipped</th>
    </tr>
    <tr class="skippedodd">
        <td rowspan="2">com.bridelabz.selenium.test.FacebookTest</td>
        <td><a href="#m17"><b>dashboardValidation_Success1</b> </a></td>
        <td class="numi">1</td>
        <td>1680590499367</td>
        <td class="numi">0</td>
    </tr>
    <tr class="skippedodd">
        <td><a href="#m18"><b>dashboardValidation_Success1</b> </a></td>
        <td class="numi">1</td>
        <td>1680590499367</td>
        <td class="numi">0</td>
    </tr>
    <tr>
        <th colspan="5">FacebookPOM &#8212; passed</th>
    </tr>
    <tr class="passedodd">
        <td rowspan="2">com.bridelabz.selenium.test.FacebookTest</td>
        <td><a href="#m19"><b>dashboardValidation_Success</b> </a></td>
        <td class="numi">1</td>
        <td>1680590488447</td>
        <td class="numi">8312</td>
    </tr>
    <tr class="passedodd">
        <td><a href="#m20"><b>validateUrlNavigation</b> </a></td>
        <td class="numi">1</td>
        <td>1680590485906</td>
        <td class="numi">12</td>
    </tr>
</table>
<h1>FacebookPOM</h1>
<h2 id="m1">com.bridelabz.selenium.test.FacebookTest:browserClose</h2>
<div>
    <div class="stacktrace">org.openqa.selenium.WebDriverException: disconnected: Unable to receive message from
        renderer
        (failed to check if window was closed: disconnected: not connected to DevTools)
        (Session info: chrome=111.0.5563.147)
        Build info: version: &apos;4.8.2&apos;, revision: &apos;826dbfc730&apos;
        System info: os.name: &apos;Windows 11&apos;, os.arch: &apos;amd64&apos;, os.version: &apos;10.0&apos;,
        java.version: &apos;17.0.6&apos;
        Driver info: org.openqa.selenium.chrome.ChromeDriver
        Command: [222a8c5175a8b01c8e60af414d07f90a, close {}]
        Capabilities {acceptInsecureCerts: false, browserName: chrome, browserVersion: 111.0.5563.147, chrome:
        {chromedriverVersion: 111.0.5563.64 (c710e93d5b63..., userDataDir: C:\Program Files (x86)\scop...},
        goog:chromeOptions: {debuggerAddress: localhost:49324}, networkConnectionEnabled: false, pageLoadStrategy:
        normal, platformName: WINDOWS, proxy: Proxy(), se:cdp: ws://localhost:49324/devtoo..., se:cdpVersion:
        111.0.5563.147, setWindowRect: true, strictFileInteractability: false, timeouts: {implicit: 0, pageLoad: 300000,
        script: 30000}, unhandledPromptBehavior: dismiss and notify, webauthn:extension:credBlob: true,
        webauthn:extension:largeBlob: true, webauthn:extension:minPinLength: true, webauthn:extension:prf: true,
        webauthn:virtualAuthenticators: true}
        Session ID: 222a8c5175a8b01c8e60af414d07f90a
        at org.openqa.selenium.remote.codec.w3c.W3CHttpResponseCodec.createException(W3CHttpResponseCodec.java:200)
        at org.openqa.selenium.remote.codec.w3c.W3CHttpResponseCodec.decode(W3CHttpResponseCodec.java:133)
        at org.openqa.selenium.remote.codec.w3c.W3CHttpResponseCodec.decode(W3CHttpResponseCodec.java:53)
        at org.openqa.selenium.remote.HttpCommandExecutor.execute(HttpCommandExecutor.java:193)
        at org.openqa.selenium.remote.service.DriverCommandExecutor.invokeExecute(DriverCommandExecutor.java:183)
        at org.openqa.selenium.remote.service.DriverCommandExecutor.execute(DriverCommandExecutor.java:158)
        at org.openqa.selenium.remote.RemoteWebDriver.execute(RemoteWebDriver.java:543)
        at org.openqa.selenium.remote.RemoteWebDriver.execute(RemoteWebDriver.java:598)
        at org.openqa.selenium.remote.RemoteWebDriver.execute(RemoteWebDriver.java:602)
        at org.openqa.selenium.remote.RemoteWebDriver.close(RemoteWebDriver.java:419)
        at com.bridgelabz.selenium.base.Baseclass.tearDown(Baseclass.java:35)
        at com.bridelabz.selenium.test.FacebookTest.browserClose(FacebookTest.java:75)
        at java.base/java.util.ArrayList.forEach(ArrayList.java:1511)
        at com.intellij.rt.testng.IDEARemoteTestNG.run(IDEARemoteTestNG.java:66)
        at com.intellij.rt.testng.RemoteTestNGStarter.main(RemoteTestNGStarter.java:109)
        ... Removed 34 stack frames
    </div>
</div>
<p class="totop"><a href="#summary">back to summary</a></p>
<h2 id="m2">com.bridelabz.selenium.test.FacebookTest:loginToFacebook</h2>
<div>
    <div class="stacktrace">org.testng.internal.reflect.MethodMatcherException:
        [public void com.bridelabz.selenium.test.FacebookTest.loginToFacebook(java.lang.String,java.lang.String) throws
        java.lang.InterruptedException] has no parameters defined but was found to be using a data provider (either
        explicitly specified or inherited from class level annotation).
        Data provider mismatch
        Method: loginToFacebook([java.lang.String arg0, java.lang.String arg1])
        Arguments: [(java.lang.String) xyz]
        at java.base/java.util.ArrayList.forEach(ArrayList.java:1511)
        at com.intellij.rt.testng.IDEARemoteTestNG.run(IDEARemoteTestNG.java:66)
        at com.intellij.rt.testng.RemoteTestNGStarter.main(RemoteTestNGStarter.java:109)
        ... Removed 19 stack frames
    </div>
</div>
<p class="totop"><a href="#summary">back to summary</a></p>
<h2 id="m3">com.bridelabz.selenium.test.FacebookTest:fileUpload_Success</h2>
<div>
    <div class="stacktrace">org.testng.internal.reflect.MethodMatcherException:
        [public void com.bridelabz.selenium.test.FacebookTest.fileUpload_Success(java.lang.String,java.lang.String)
        throws java.lang.InterruptedException,java.io.IOException] has no parameters defined but was found to be using a
        data provider (either explicitly specified or inherited from class level annotation).
        Data provider mismatch
        Method: fileUpload_Success([java.lang.String arg0, java.lang.String arg1])
        Arguments: [(java.lang.String) xyz]
        at java.base/java.util.ArrayList.forEach(ArrayList.java:1511)
        at com.intellij.rt.testng.IDEARemoteTestNG.run(IDEARemoteTestNG.java:66)
        at com.intellij.rt.testng.RemoteTestNGStarter.main(RemoteTestNGStarter.java:109)
        ... Removed 19 stack frames
    </div>
</div>
<p class="totop"><a href="#summary">back to summary</a></p>
<h2 id="m4">com.bridelabz.selenium.test.FacebookTest:dashboardValidation_Success1</h2>
<table cellpadding="0" cellspacing="0" class="result">
    <tr class="param">
        <th>Parameter #1</th>
    </tr>
    <tr class="param stripe">
        <td>xyz</td>
    </tr>
    <tr>
        <td>
            <div class="stacktrace">org.openqa.selenium.NoSuchWindowException: no such window: target window already
                closed
                from unknown error: web view not found
                (Session info: chrome=111.0.5563.147)
                Build info: version: &apos;4.8.2&apos;, revision: &apos;826dbfc730&apos;
                System info: os.name: &apos;Windows 11&apos;, os.arch: &apos;amd64&apos;, os.version: &apos;10.0&apos;,
                java.version: &apos;17.0.6&apos;
                Driver info: org.openqa.selenium.chrome.ChromeDriver
                Command: [222a8c5175a8b01c8e60af414d07f90a, findElement {using=name, value=email}]
                Capabilities {acceptInsecureCerts: false, browserName: chrome, browserVersion: 111.0.5563.147, chrome:
                {chromedriverVersion: 111.0.5563.64 (c710e93d5b63..., userDataDir: C:\Program Files (x86)\scop...},
                goog:chromeOptions: {debuggerAddress: localhost:49324}, networkConnectionEnabled: false,
                pageLoadStrategy: normal, platformName: WINDOWS, proxy: Proxy(), se:cdp: ws://localhost:49324/devtoo...,
                se:cdpVersion: 111.0.5563.147, setWindowRect: true, strictFileInteractability: false, timeouts:
                {implicit: 0, pageLoad: 300000, script: 30000}, unhandledPromptBehavior: dismiss and notify,
                webauthn:extension:credBlob: true, webauthn:extension:largeBlob: true, webauthn:extension:minPinLength:
                true, webauthn:extension:prf: true, webauthn:virtualAuthenticators: true}
                Session ID: 222a8c5175a8b01c8e60af414d07f90a
                at
                org.openqa.selenium.remote.codec.w3c.W3CHttpResponseCodec.createException(W3CHttpResponseCodec.java:200)
                at org.openqa.selenium.remote.codec.w3c.W3CHttpResponseCodec.decode(W3CHttpResponseCodec.java:133)
                at org.openqa.selenium.remote.codec.w3c.W3CHttpResponseCodec.decode(W3CHttpResponseCodec.java:53)
                at org.openqa.selenium.remote.HttpCommandExecutor.execute(HttpCommandExecutor.java:193)
                at
                org.openqa.selenium.remote.service.DriverCommandExecutor.invokeExecute(DriverCommandExecutor.java:183)
                at org.openqa.selenium.remote.service.DriverCommandExecutor.execute(DriverCommandExecutor.java:158)
                at org.openqa.selenium.remote.RemoteWebDriver.execute(RemoteWebDriver.java:543)
                at org.openqa.selenium.remote.ElementLocation$ElementFinder$2.findElement(ElementLocation.java:162)
                at org.openqa.selenium.remote.ElementLocation.findElement(ElementLocation.java:66)
                at org.openqa.selenium.remote.RemoteWebDriver.findElement(RemoteWebDriver.java:352)
                at org.openqa.selenium.remote.RemoteWebDriver.findElement(RemoteWebDriver.java:344)
                at
                org.openqa.selenium.support.pagefactory.DefaultElementLocator.findElement(DefaultElementLocator.java:70)
                at
                org.openqa.selenium.support.pagefactory.internal.LocatingElementHandler.invoke(LocatingElementHandler.java:39)
                at jdk.proxy2/jdk.proxy2.$Proxy17.sendKeys(Unknown Source)
                at com.bridgelabz.selenium.pages.LoginPage.loginToFacebook1(LoginPage.java:37)
                at com.bridelabz.selenium.test.FacebookTest.dashboardValidation_Success1(FacebookTest.java:61)
                at java.base/java.util.ArrayList.forEach(ArrayList.java:1511)
                at com.intellij.rt.testng.IDEARemoteTestNG.run(IDEARemoteTestNG.java:66)
                at com.intellij.rt.testng.RemoteTestNGStarter.main(RemoteTestNGStarter.java:109)
                ... Removed 29 stack frames
            </div>
        </td>
    </tr>
</table>
<p class="totop"><a href="#summary">back to summary</a></p>
<h2 id="m5">com.bridelabz.selenium.test.FacebookTest:setup</h2>
<p class="totop"><a href="#summary">back to summary</a></p>
<h2 id="m6">com.bridelabz.selenium.test.FacebookTest:browserClose</h2>
<p class="totop"><a href="#summary">back to summary</a></p>
<h2 id="m7">com.bridelabz.selenium.test.FacebookTest:dashboardValidation_Success1</h2>
<table cellpadding="0" cellspacing="0" class="result">
    <tr class="param">
        <th>Parameter #1</th>
    </tr>
    <tr class="param stripe">
        <td>abc</td>
    </tr>
    <tr>
        <td>
            <div class="stacktrace">org.openqa.selenium.WebDriverException: disconnected: Unable to receive message from
                renderer
                (failed to check if window was closed: disconnected: not connected to DevTools)
                (Session info: chrome=111.0.5563.147)
                Build info: version: &apos;4.8.2&apos;, revision: &apos;826dbfc730&apos;
                System info: os.name: &apos;Windows 11&apos;, os.arch: &apos;amd64&apos;, os.version: &apos;10.0&apos;,
                java.version: &apos;17.0.6&apos;
                Driver info: org.openqa.selenium.chrome.ChromeDriver
                Command: [222a8c5175a8b01c8e60af414d07f90a, close {}]
                Capabilities {acceptInsecureCerts: false, browserName: chrome, browserVersion: 111.0.5563.147, chrome:
                {chromedriverVersion: 111.0.5563.64 (c710e93d5b63..., userDataDir: C:\Program Files (x86)\scop...},
                goog:chromeOptions: {debuggerAddress: localhost:49324}, networkConnectionEnabled: false,
                pageLoadStrategy: normal, platformName: WINDOWS, proxy: Proxy(), se:cdp: ws://localhost:49324/devtoo...,
                se:cdpVersion: 111.0.5563.147, setWindowRect: true, strictFileInteractability: false, timeouts:
                {implicit: 0, pageLoad: 300000, script: 30000}, unhandledPromptBehavior: dismiss and notify,
                webauthn:extension:credBlob: true, webauthn:extension:largeBlob: true, webauthn:extension:minPinLength:
                true, webauthn:extension:prf: true, webauthn:virtualAuthenticators: true}
                Session ID: 222a8c5175a8b01c8e60af414d07f90a
                at
                org.openqa.selenium.remote.codec.w3c.W3CHttpResponseCodec.createException(W3CHttpResponseCodec.java:200)
                at org.openqa.selenium.remote.codec.w3c.W3CHttpResponseCodec.decode(W3CHttpResponseCodec.java:133)
                at org.openqa.selenium.remote.codec.w3c.W3CHttpResponseCodec.decode(W3CHttpResponseCodec.java:53)
                at org.openqa.selenium.remote.HttpCommandExecutor.execute(HttpCommandExecutor.java:193)
                at
                org.openqa.selenium.remote.service.DriverCommandExecutor.invokeExecute(DriverCommandExecutor.java:183)
                at org.openqa.selenium.remote.service.DriverCommandExecutor.execute(DriverCommandExecutor.java:158)
                at org.openqa.selenium.remote.RemoteWebDriver.execute(RemoteWebDriver.java:543)
                at org.openqa.selenium.remote.RemoteWebDriver.execute(RemoteWebDriver.java:598)
                at org.openqa.selenium.remote.RemoteWebDriver.execute(RemoteWebDriver.java:602)
                at org.openqa.selenium.remote.RemoteWebDriver.close(RemoteWebDriver.java:419)
                at com.bridgelabz.selenium.base.Baseclass.tearDown(Baseclass.java:35)
                at com.bridelabz.selenium.test.FacebookTest.browserClose(FacebookTest.java:75)
                at java.base/java.util.ArrayList.forEach(ArrayList.java:1511)
                at com.intellij.rt.testng.IDEARemoteTestNG.run(IDEARemoteTestNG.java:66)
                at com.intellij.rt.testng.RemoteTestNGStarter.main(RemoteTestNGStarter.java:109)
                ... Removed 34 stack frames
            </div>
        </td>
    </tr>
</table>
<p class="totop"><a href="#summary">back to summary</a></p>
<h2 id="m8">com.bridelabz.selenium.test.FacebookTest:dashboardValidation_Success</h2>
<table cellpadding="0" cellspacing="0" class="result">
    <tr class="param">
        <th>Parameter #1</th>
        <th>Parameter #2</th>
    </tr>
    <tr class="param stripe">
        <td>7972393596</td>
        <td>@bhi007B</td>
    </tr>
</table>
<p class="totop"><a href="#summary">back to summary</a></p>
<h2 id="m9">com.bridelabz.selenium.test.FacebookTest:validateUrlNavigation</h2>
<p class="totop"><a href="#summary">back to summary</a></p>
</body>
</html>
